# JRE version: OpenJDK Runtime Environment Temurin-21.0.10+7 (21.0.10+7) (build 21.0.10+7-LTS)
# Java VM: OpenJDK 64-Bit Server VM Temurin-21.0.10+7 (21.0.10+7-LTS, mixed mode, sharing, tiered, compressed oops, compressed class ptrs, parallel gc, windows-amd64)
GC Precious Log:
 CardTable entry size: 512
 CPUs: 12 total, 12 available
 Memory: 7876M
 Large Page Support: Disabled
 NUMA Support: Disabled
 Compressed Oops: Enabled (32-bit)
 Alignments: Space 512K, Generation 512K, Heap 2M
 Heap Min Capacity: 100M
 Heap Initial Capacity: 100M
 Heap Max Capacity: 2G
 Pre-touch: Disabled
 Parallel Workers: 10
Heap:
 PSYoungGen      total 19456K, used 8977K [0x00000000d5580000, 0x00000000d6a00000, 0x0000000100000000)
  eden space 17920K, 44% used [0x00000000d5580000,0x00000000d5d5c6c8,0x00000000d6700000)
  from space 1536K, 60% used [0x00000000d6880000,0x00000000d6968000,0x00000000d6a00000)
  to   space 1536K, 0% used [0x00000000d6700000,0x00000000d6700000,0x00000000d6880000)
 ParOldGen       total 187904K, used 187625K [0x0000000080000000, 0x000000008b780000, 0x00000000d5580000)
  object space 187904K, 99% used [0x0000000080000000,0x000000008b73a6f8,0x000000008b780000)
 Metaspace       used 75962K, committed 77696K, reserved 1179648K
  class space    used 7823K, committed 8576K, reserved 1048576K
GC Heap History (20 events):
Event: 24.117 GC heap before
{Heap before GC invocations=350 (full 3):
 PSYoungGen      total 18944K, used 18928K [0x00000000d5580000, 0x00000000d6c00000, 0x0000000100000000)
  eden space 17920K, 100% used [0x00000000d5580000,0x00000000d6700000,0x00000000d6700000)
  from space 1024K, 98% used [0x00000000d6980000,0x00000000d6a7c010,0x00000000d6a80000)
  to   space 2560K, 0% used [0x00000000d6700000,0x00000000d6700000,0x00000000d6980000)
 ParOldGen       total 183296K, used 183034K [0x0000000080000000, 0x000000008b300000, 0x00000000d5580000)
  object space 183296K, 99% used [0x0000000080000000,0x000000008b2be9e8,0x000000008b300000)
 Metaspace       used 73338K, committed 75008K, reserved 1179648K
  class space    used 7570K, committed 8320K, reserved 1048576K
}
Event: 24.121 GC heap after
{Heap after GC invocations=350 (full 3):
 PSYoungGen      total 18944K, used 724K [0x00000000d5580000, 0x00000000d6a00000, 0x0000000100000000)
  eden space 17920K, 0% used [0x00000000d5580000,0x00000000d5580000,0x00000000d6700000)
  from space 1024K, 70% used [0x00000000d6700000,0x00000000d67b5200,0x00000000d6800000)
  to   space 1536K, 0% used [0x00000000d6880000,0x00000000d6880000,0x00000000d6a00000)
 ParOldGen       total 183808K, used 183722K [0x0000000080000000, 0x000000008b380000, 0x00000000d5580000)
  object space 183808K, 99% used [0x0000000080000000,0x000000008b36a9e8,0x000000008b380000)
 Metaspace       used 73338K, committed 75008K, reserved 1179648K
  class space    used 7570K, committed 8320K, reserved 1048576K
}
Event: 24.259 GC heap before
{Heap before GC invocations=351 (full 3):
 PSYoungGen      total 18944K, used 18644K [0x00000000d5580000, 0x00000000d6a00000, 0x0000000100000000)
  eden space 17920K, 100% used [0x00000000d5580000,0x00000000d6700000,0x00000000d6700000)
  from space 1024K, 70% used [0x00000000d6700000,0x00000000d67b5200,0x00000000d6800000)
  to   space 1536K, 0% used [0x00000000d6880000,0x00000000d6880000,0x00000000d6a00000)
 ParOldGen       total 183808K, used 183722K [0x0000000080000000, 0x000000008b380000, 0x00000000d5580000)
  object space 183808K, 99% used [0x0000000080000000,0x000000008b36a9e8,0x000000008b380000)
 Metaspace       used 73974K, committed 75584K, reserved 1179648K
  class space    used 7660K, committed 8384K, reserved 1048576K
}
Event: 24.262 GC heap after
{Heap after GC invocations=351 (full 3):
 PSYoungGen      total 18944K, used 628K [0x00000000d5580000, 0x00000000d6980000, 0x0000000100000000)
  eden space 17920K, 0% used [0x00000000d5580000,0x00000000d5580000,0x00000000d6700000)
  from space 1024K, 61% used [0x00000000d6880000,0x00000000d691d200,0x00000000d6980000)
  to   space 1024K, 0% used [0x00000000d6700000,0x00000000d6700000,0x00000000d6800000)
 ParOldGen       total 184320K, used 183994K [0x0000000080000000, 0x000000008b400000, 0x00000000d5580000)
  object space 184320K, 99% used [0x0000000080000000,0x000000008b3ae9e8,0x000000008b400000)
 Metaspace       used 73974K, committed 75584K, reserved 1179648K
  class space    used 7660K, committed 8384K, reserved 1048576K
}
Event: 24.371 GC heap before
{Heap before GC invocations=352 (full 3):
 PSYoungGen      total 18944K, used 18548K [0x00000000d5580000, 0x00000000d6980000, 0x0000000100000000)
  eden space 17920K, 100% used [0x00000000d5580000,0x00000000d6700000,0x00000000d6700000)
  from space 1024K, 61% used [0x00000000d6880000,0x00000000d691d200,0x00000000d6980000)
  to   space 1024K, 0% used [0x00000000d6700000,0x00000000d6700000,0x00000000d6800000)
 ParOldGen       total 184320K, used 183994K [0x0000000080000000, 0x000000008b400000, 0x00000000d5580000)
  object space 184320K, 99% used [0x0000000080000000,0x000000008b3ae9e8,0x000000008b400000)
 Metaspace       used 74303K, committed 76032K, reserved 1179648K
  class space    used 7702K, committed 8448K, reserved 1048576K
}
Event: 24.373 GC heap after
{Heap after GC invocations=352 (full 3):
 PSYoungGen      total 18944K, used 820K [0x00000000d5580000, 0x00000000d6900000, 0x0000000100000000)
  eden space 17920K, 0% used [0x00000000d5580000,0x00000000d5580000,0x00000000d6700000)
  from space 1024K, 80% used [0x00000000d6700000,0x00000000d67cd200,0x00000000d6800000)
  to   space 1024K, 0% used [0x00000000d6800000,0x00000000d6800000,0x00000000d6900000)
 ParOldGen       total 184832K, used 184351K [0x0000000080000000, 0x000000008b480000, 0x00000000d5580000)
  object space 184832K, 99% used [0x0000000080000000,0x000000008b407c78,0x000000008b480000)
 Metaspace       used 74303K, committed 76032K, reserved 1179648K
  class space    used 7702K, committed 8448K, reserved 1048576K
}
Event: 24.544 GC heap before
{Heap before GC invocations=353 (full 3):
 PSYoungGen      total 18944K, used 18740K [0x00000000d5580000, 0x00000000d6900000, 0x0000000100000000)
  eden space 17920K, 100% used [0x00000000d5580000,0x00000000d6700000,0x00000000d6700000)
  from space 1024K, 80% used [0x00000000d6700000,0x00000000d67cd200,0x00000000d6800000)
  to   space 1024K, 0% used [0x00000000d6800000,0x00000000d6800000,0x00000000d6900000)
 ParOldGen       total 184832K, used 184351K [0x0000000080000000, 0x000000008b480000, 0x00000000d5580000)
  object space 184832K, 99% used [0x0000000080000000,0x000000008b407c78,0x000000008b480000)
 Metaspace       used 74374K, committed 76096K, reserved 1179648K
  class space    used 7705K, committed 8448K, reserved 1048576K
}
Event: 24.547 GC heap after
{Heap after GC invocations=353 (full 3):
 PSYoungGen      total 18944K, used 756K [0x00000000d5580000, 0x00000000d6900000, 0x0000000100000000)
  eden space 17920K, 0% used [0x00000000d5580000,0x00000000d5580000,0x00000000d6700000)
  from space 1024K, 73% used [0x00000000d6800000,0x00000000d68bd200,0x00000000d6900000)
  to   space 1024K, 0% used [0x00000000d6700000,0x00000000d6700000,0x00000000d6800000)
 ParOldGen       total 184832K, used 184503K [0x0000000080000000, 0x000000008b480000, 0x00000000d5580000)
  object space 184832K, 99% used [0x0000000080000000,0x000000008b42dc78,0x000000008b480000)
 Metaspace       used 74374K, committed 76096K, reserved 1179648K
  class space    used 7705K, committed 8448K, reserved 1048576K
}
Event: 24.800 GC heap before
{Heap before GC invocations=354 (full 3):
 PSYoungGen      total 18944K, used 18676K [0x00000000d5580000, 0x00000000d6900000, 0x0000000100000000)
  eden space 17920K, 100% used [0x00000000d5580000,0x00000000d6700000,0x00000000d6700000)
  from space 1024K, 73% used [0x00000000d6800000,0x00000000d68bd200,0x00000000d6900000)
  to   space 1024K, 0% used [0x00000000d6700000,0x00000000d6700000,0x00000000d6800000)
 ParOldGen       total 184832K, used 184503K [0x0000000080000000, 0x000000008b480000, 0x00000000d5580000)
  object space 184832K, 99% used [0x0000000080000000,0x000000008b42dc78,0x000000008b480000)
 Metaspace       used 74555K, committed 76288K, reserved 1179648K
  class space    used 7707K, committed 8448K, reserved 1048576K
}
Event: 24.805 GC heap after
{Heap after GC invocations=354 (full 3):
 PSYoungGen      total 18944K, used 1007K [0x00000000d5580000, 0x00000000d6a00000, 0x0000000100000000)
  eden space 17920K, 0% used [0x00000000d5580000,0x00000000d5580000,0x00000000d6700000)
  from space 1024K, 98% used [0x00000000d6700000,0x00000000d67fbea0,0x00000000d6800000)
  to   space 1536K, 0% used [0x00000000d6880000,0x00000000d6880000,0x00000000d6a00000)
 ParOldGen       total 184832K, used 184599K [0x0000000080000000, 0x000000008b480000, 0x00000000d5580000)
  object space 184832K, 99% used [0x0000000080000000,0x000000008b445c78,0x000000008b480000)
 Metaspace       used 74555K, committed 76288K, reserved 1179648K
  class space    used 7707K, committed 8448K, reserved 1048576K
}
Event: 25.034 GC heap before
{Heap before GC invocations=355 (full 3):
 PSYoungGen      total 18944K, used 18927K [0x00000000d5580000, 0x00000000d6a00000, 0x0000000100000000)
  eden space 17920K, 100% used [0x00000000d5580000,0x00000000d6700000,0x00000000d6700000)
  from space 1024K, 98% used [0x00000000d6700000,0x00000000d67fbea0,0x00000000d6800000)
  to   space 1536K, 0% used [0x00000000d6880000,0x00000000d6880000,0x00000000d6a00000)
 ParOldGen       total 184832K, used 184599K [0x0000000080000000, 0x000000008b480000, 0x00000000d5580000)
  object space 184832K, 99% used [0x0000000080000000,0x000000008b445c78,0x000000008b480000)
 Metaspace       used 74667K, committed 76416K, reserved 1179648K
  class space    used 7707K, committed 8448K, reserved 1048576K
}
Event: 25.037 GC heap after
{Heap after GC invocations=355 (full 3):
 PSYoungGen      total 19456K, used 1092K [0x00000000d5580000, 0x00000000d6a00000, 0x0000000100000000)
  eden space 17920K, 0% used [0x00000000d5580000,0x00000000d5580000,0x00000000d6700000)
  from space 1536K, 71% used [0x00000000d6880000,0x00000000d6991210,0x00000000d6a00000)
  to   space 1536K, 0% used [0x00000000d6700000,0x00000000d6700000,0x00000000d6880000)
 ParOldGen       total 185856K, used 185462K [0x0000000080000000, 0x000000008b580000, 0x00000000d5580000)
  object space 185856K, 99% used [0x0000000080000000,0x000000008b51db48,0x000000008b580000)
 Metaspace       used 74667K, committed 76416K, reserved 1179648K
  class space    used 7707K, committed 8448K, reserved 1048576K
}
Event: 105.045 GC heap before
{Heap before GC invocations=356 (full 3):
 PSYoungGen      total 19456K, used 18144K [0x00000000d5580000, 0x00000000d6a00000, 0x0000000100000000)
  eden space 17920K, 95% used [0x00000000d5580000,0x00000000d6627120,0x00000000d6700000)
  from space 1536K, 71% used [0x00000000d6880000,0x00000000d6991210,0x00000000d6a00000)
  to   space 1536K, 0% used [0x00000000d6700000,0x00000000d6700000,0x00000000d6880000)
 ParOldGen       total 185856K, used 185462K [0x0000000080000000, 0x000000008b580000, 0x00000000d5580000)
  object space 185856K, 99% used [0x0000000080000000,0x000000008b51db48,0x000000008b580000)
 Metaspace       used 74996K, committed 76608K, reserved 1179648K
  class space    used 7739K, committed 8448K, reserved 1048576K
}
Event: 105.089 GC heap after
{Heap after GC invocations=356 (full 3):
 PSYoungGen      total 18944K, used 943K [0x00000000d5580000, 0x00000000d6900000, 0x0000000100000000)
  eden space 17920K, 0% used [0x00000000d5580000,0x00000000d5580000,0x00000000d6700000)
  from space 1024K, 92% used [0x00000000d6700000,0x00000000d67ebdf0,0x00000000d6800000)
  to   space 1024K, 0% used [0x00000000d6800000,0x00000000d6800000,0x00000000d6900000)
 ParOldGen       total 186368K, used 185910K [0x0000000080000000, 0x000000008b600000, 0x00000000d5580000)
  object space 186368K, 99% used [0x0000000080000000,0x000000008b58db08,0x000000008b600000)
 Metaspace       used 74996K, committed 76608K, reserved 1179648K
  class space    used 7739K, committed 8448K, reserved 1048576K
}
Event: 106.813 GC heap before
{Heap before GC invocations=357 (full 3):
 PSYoungGen      total 18944K, used 18863K [0x00000000d5580000, 0x00000000d6900000, 0x0000000100000000)
  eden space 17920K, 100% used [0x00000000d5580000,0x00000000d6700000,0x00000000d6700000)
  from space 1024K, 92% used [0x00000000d6700000,0x00000000d67ebdf0,0x00000000d6800000)
  to   space 1024K, 0% used [0x00000000d6800000,0x00000000d6800000,0x00000000d6900000)
 ParOldGen       total 186368K, used 185910K [0x0000000080000000, 0x000000008b600000, 0x00000000d5580000)
  object space 186368K, 99% used [0x0000000080000000,0x000000008b58db08,0x000000008b600000)
 Metaspace       used 75547K, committed 77184K, reserved 1179648K
  class space    used 7797K, committed 8512K, reserved 1048576K
}
Event: 106.817 GC heap after
{Heap after GC invocations=357 (full 3):
 PSYoungGen      total 18944K, used 404K [0x00000000d5580000, 0x00000000d6900000, 0x0000000100000000)
  eden space 17920K, 0% used [0x00000000d5580000,0x00000000d5580000,0x00000000d6700000)
  from space 1024K, 39% used [0x00000000d6800000,0x00000000d6865200,0x00000000d6900000)
  to   space 1024K, 0% used [0x00000000d6700000,0x00000000d6700000,0x00000000d6800000)
 ParOldGen       total 186880K, used 186616K [0x0000000080000000, 0x000000008b680000, 0x00000000d5580000)
  object space 186880K, 99% used [0x0000000080000000,0x000000008b63e240,0x000000008b680000)
 Metaspace       used 75547K, committed 77184K, reserved 1179648K
  class space    used 7797K, committed 8512K, reserved 1048576K
}
Event: 107.062 GC heap before
{Heap before GC invocations=358 (full 3):
 PSYoungGen      total 18944K, used 18324K [0x00000000d5580000, 0x00000000d6900000, 0x0000000100000000)
  eden space 17920K, 100% used [0x00000000d5580000,0x00000000d6700000,0x00000000d6700000)
  from space 1024K, 39% used [0x00000000d6800000,0x00000000d6865200,0x00000000d6900000)
  to   space 1024K, 0% used [0x00000000d6700000,0x00000000d6700000,0x00000000d6800000)
 ParOldGen       total 186880K, used 186616K [0x0000000080000000, 0x000000008b680000, 0x00000000d5580000)
  object space 186880K, 99% used [0x0000000080000000,0x000000008b63e240,0x000000008b680000)
 Metaspace       used 75616K, committed 77312K, reserved 1179648K
  class space    used 7809K, committed 8512K, reserved 1048576K
}
Event: 107.065 GC heap after
{Heap after GC invocations=358 (full 3):
 PSYoungGen      total 18944K, used 1017K [0x00000000d5580000, 0x00000000d6a00000, 0x0000000100000000)
  eden space 17920K, 0% used [0x00000000d5580000,0x00000000d5580000,0x00000000d6700000)
  from space 1024K, 99% used [0x00000000d6700000,0x00000000d67fe7b0,0x00000000d6800000)
  to   space 1536K, 0% used [0x00000000d6880000,0x00000000d6880000,0x00000000d6a00000)
 ParOldGen       total 186880K, used 186829K [0x0000000080000000, 0x000000008b680000, 0x00000000d5580000)
  object space 186880K, 99% used [0x0000000080000000,0x000000008b673598,0x000000008b680000)
 Metaspace       used 75616K, committed 77312K, reserved 1179648K
  class space    used 7809K, committed 8512K, reserved 1048576K
}
Event: 107.248 GC heap before
{Heap before GC invocations=359 (full 3):
 PSYoungGen      total 18944K, used 18937K [0x00000000d5580000, 0x00000000d6a00000, 0x0000000100000000)
  eden space 17920K, 100% used [0x00000000d5580000,0x00000000d6700000,0x00000000d6700000)
  from space 1024K, 99% used [0x00000000d6700000,0x00000000d67fe7b0,0x00000000d6800000)
  to   space 1536K, 0% used [0x00000000d6880000,0x00000000d6880000,0x00000000d6a00000)
 ParOldGen       total 186880K, used 186829K [0x0000000080000000, 0x000000008b680000, 0x00000000d5580000)
  object space 186880K, 99% used [0x0000000080000000,0x000000008b673598,0x000000008b680000)
 Metaspace       used 75656K, committed 77312K, reserved 1179648K
  class space    used 7810K, committed 8512K, reserved 1048576K
}
Event: 107.251 GC heap after
{Heap after GC invocations=359 (full 3):
 PSYoungGen      total 19456K, used 928K [0x00000000d5580000, 0x00000000d6a00000, 0x0000000100000000)
  eden space 17920K, 0% used [0x00000000d5580000,0x00000000d5580000,0x00000000d6700000)
  from space 1536K, 60% used [0x00000000d6880000,0x00000000d6968000,0x00000000d6a00000)
  to   space 1536K, 0% used [0x00000000d6700000,0x00000000d6700000,0x00000000d6880000)
 ParOldGen       total 187904K, used 187625K [0x0000000080000000, 0x000000008b780000, 0x00000000d5580000)
  object space 187904K, 99% used [0x0000000080000000,0x000000008b73a6f8,0x000000008b780000)
 Metaspace       used 75656K, committed 77312K, reserved 1179648K
  class space    used 7810K, committed 8512K, reserved 1048576K
}

