# JRE version: OpenJDK Runtime Environment Temurin-21.0.10+7 (21.0.10+7) (build 21.0.10+7-LTS)
# Java VM: OpenJDK 64-Bit Server VM Temurin-21.0.10+7 (21.0.10+7-LTS, mixed mode, sharing, tiered, compressed oops, compressed class ptrs, parallel gc, windows-amd64)
GC Precious Log:
 CardTable entry size: 512
 CPUs: 12 total, 12 available
 Memory: 7876M
 Large Page Support: Disabled
 NUMA Support: Disabled
 Compressed Oops: Enabled (32-bit)
 Alignments: Space 512K, Generation 512K, Heap 2M
 Heap Min Capacity: 100M
 Heap Initial Capacity: 100M
 Heap Max Capacity: 2G
 Pre-touch: Disabled
 Parallel Workers: 10
Heap:
 PSYoungGen      total 14848K, used 10267K [0x00000000d5580000, 0x00000000d7400000, 0x0000000100000000)
  eden space 13312K, 69% used [0x00000000d5580000,0x00000000d5e98390,0x00000000d6280000)
  from space 1536K, 62% used [0x00000000d7180000,0x00000000d726e900,0x00000000d7300000)
  to   space 1024K, 0% used [0x00000000d7300000,0x00000000d7300000,0x00000000d7400000)
 ParOldGen       total 468480K, used 341042K [0x0000000080000000, 0x000000009c980000, 0x00000000d5580000)
  object space 468480K, 72% used [0x0000000080000000,0x0000000094d0c800,0x000000009c980000)
 Metaspace       used 82432K, committed 84288K, reserved 1179648K
  class space    used 8162K, committed 9024K, reserved 1048576K
GC Heap History (20 events):
Event: 2145.530 GC heap before
{Heap before GC invocations=829 (full 5):
 PSYoungGen      total 14336K, used 13877K [0x00000000d5580000, 0x00000000d7c80000, 0x0000000100000000)
  eden space 13312K, 96% used [0x00000000d5580000,0x00000000d6213300,0x00000000d6280000)
  from space 1024K, 97% used [0x00000000d6a80000,0x00000000d6b7a250,0x00000000d6b80000)
  to   space 13312K, 0% used [0x00000000d6f80000,0x00000000d6f80000,0x00000000d7c80000)
 ParOldGen       total 468480K, used 307011K [0x0000000080000000, 0x000000009c980000, 0x00000000d5580000)
  object space 468480K, 65% used [0x0000000080000000,0x0000000092bd0de8,0x000000009c980000)
 Metaspace       used 82366K, committed 84160K, reserved 1179648K
  class space    used 8162K, committed 8960K, reserved 1048576K
}
Event: 2145.548 GC heap after
{Heap after GC invocations=829 (full 5):
 PSYoungGen      total 24576K, used 10881K [0x00000000d5580000, 0x00000000d7a80000, 0x0000000100000000)
  eden space 13312K, 0% used [0x00000000d5580000,0x00000000d5580000,0x00000000d6280000)
  from space 11264K, 96% used [0x00000000d6f80000,0x00000000d7a20400,0x00000000d7a80000)
  to   space 11776K, 0% used [0x00000000d6380000,0x00000000d6380000,0x00000000d6f00000)
 ParOldGen       total 468480K, used 307667K [0x0000000080000000, 0x000000009c980000, 0x00000000d5580000)
  object space 468480K, 65% used [0x0000000080000000,0x0000000092c74e08,0x000000009c980000)
 Metaspace       used 82366K, committed 84160K, reserved 1179648K
  class space    used 8162K, committed 8960K, reserved 1048576K
}
Event: 2145.681 GC heap before
{Heap before GC invocations=830 (full 5):
 PSYoungGen      total 24576K, used 24193K [0x00000000d5580000, 0x00000000d7a80000, 0x0000000100000000)
  eden space 13312K, 100% used [0x00000000d5580000,0x00000000d6280000,0x00000000d6280000)
  from space 11264K, 96% used [0x00000000d6f80000,0x00000000d7a20400,0x00000000d7a80000)
  to   space 11776K, 0% used [0x00000000d6380000,0x00000000d6380000,0x00000000d6f00000)
 ParOldGen       total 468480K, used 307667K [0x0000000080000000, 0x000000009c980000, 0x00000000d5580000)
  object space 468480K, 65% used [0x0000000080000000,0x0000000092c74e08,0x000000009c980000)
 Metaspace       used 82366K, committed 84160K, reserved 1179648K
  class space    used 8162K, committed 8960K, reserved 1048576K
}
Event: 2145.748 GC heap after
{Heap after GC invocations=830 (full 5):
 PSYoungGen      total 25088K, used 11763K [0x00000000d5580000, 0x00000000d9380000, 0x0000000100000000)
  eden space 13312K, 0% used [0x00000000d5580000,0x00000000d5580000,0x00000000d6280000)
  from space 11776K, 99% used [0x00000000d6380000,0x00000000d6efcee0,0x00000000d6f00000)
  to   space 25088K, 0% used [0x00000000d7b00000,0x00000000d7b00000,0x00000000d9380000)
 ParOldGen       total 468480K, used 318624K [0x0000000080000000, 0x000000009c980000, 0x00000000d5580000)
  object space 468480K, 68% used [0x0000000080000000,0x0000000093728208,0x000000009c980000)
 Metaspace       used 82366K, committed 84160K, reserved 1179648K
  class space    used 8162K, committed 8960K, reserved 1048576K
}
Event: 2146.569 GC heap before
{Heap before GC invocations=831 (full 5):
 PSYoungGen      total 25088K, used 25075K [0x00000000d5580000, 0x00000000d9380000, 0x0000000100000000)
  eden space 13312K, 100% used [0x00000000d5580000,0x00000000d6280000,0x00000000d6280000)
  from space 11776K, 99% used [0x00000000d6380000,0x00000000d6efcee0,0x00000000d6f00000)
  to   space 25088K, 0% used [0x00000000d7b00000,0x00000000d7b00000,0x00000000d9380000)
 ParOldGen       total 468480K, used 318624K [0x0000000080000000, 0x000000009c980000, 0x00000000d5580000)
  object space 468480K, 68% used [0x0000000080000000,0x0000000093728208,0x000000009c980000)
 Metaspace       used 82370K, committed 84160K, reserved 1179648K
  class space    used 8162K, committed 8960K, reserved 1048576K
}
Event: 2146.634 GC heap after
{Heap after GC invocations=831 (full 5):
 PSYoungGen      total 18944K, used 5403K [0x00000000d5580000, 0x00000000d8080000, 0x0000000100000000)
  eden space 13312K, 0% used [0x00000000d5580000,0x00000000d5580000,0x00000000d6280000)
  from space 5632K, 95% used [0x00000000d7b00000,0x00000000d8046cf0,0x00000000d8080000)
  to   space 11776K, 0% used [0x00000000d6980000,0x00000000d6980000,0x00000000d7500000)
 ParOldGen       total 468480K, used 329088K [0x0000000080000000, 0x000000009c980000, 0x00000000d5580000)
  object space 468480K, 70% used [0x0000000080000000,0x0000000094160178,0x000000009c980000)
 Metaspace       used 82370K, committed 84160K, reserved 1179648K
  class space    used 8162K, committed 8960K, reserved 1048576K
}
Event: 2146.780 GC heap before
{Heap before GC invocations=832 (full 5):
 PSYoungGen      total 18944K, used 18715K [0x00000000d5580000, 0x00000000d8080000, 0x0000000100000000)
  eden space 13312K, 100% used [0x00000000d5580000,0x00000000d6280000,0x00000000d6280000)
  from space 5632K, 95% used [0x00000000d7b00000,0x00000000d8046cf0,0x00000000d8080000)
  to   space 11776K, 0% used [0x00000000d6980000,0x00000000d6980000,0x00000000d7500000)
 ParOldGen       total 468480K, used 329088K [0x0000000080000000, 0x000000009c980000, 0x00000000d5580000)
  object space 468480K, 70% used [0x0000000080000000,0x0000000094160178,0x000000009c980000)
 Metaspace       used 82377K, committed 84224K, reserved 1179648K
  class space    used 8162K, committed 8960K, reserved 1048576K
}
Event: 2146.797 GC heap after
{Heap after GC invocations=832 (full 5):
 PSYoungGen      total 25088K, used 2832K [0x00000000d5580000, 0x00000000d7b80000, 0x0000000100000000)
  eden space 13312K, 0% used [0x00000000d5580000,0x00000000d5580000,0x00000000d6280000)
  from space 11776K, 24% used [0x00000000d6980000,0x00000000d6c44010,0x00000000d7500000)
  to   space 5120K, 0% used [0x00000000d7680000,0x00000000d7680000,0x00000000d7b80000)
 ParOldGen       total 468480K, used 334110K [0x0000000080000000, 0x000000009c980000, 0x00000000d5580000)
  object space 468480K, 71% used [0x0000000080000000,0x0000000094647b28,0x000000009c980000)
 Metaspace       used 82377K, committed 84224K, reserved 1179648K
  class space    used 8162K, committed 8960K, reserved 1048576K
}
Event: 2146.870 GC heap before
{Heap before GC invocations=833 (full 5):
 PSYoungGen      total 25088K, used 16144K [0x00000000d5580000, 0x00000000d7b80000, 0x0000000100000000)
  eden space 13312K, 100% used [0x00000000d5580000,0x00000000d6280000,0x00000000d6280000)
  from space 11776K, 24% used [0x00000000d6980000,0x00000000d6c44010,0x00000000d7500000)
  to   space 5120K, 0% used [0x00000000d7680000,0x00000000d7680000,0x00000000d7b80000)
 ParOldGen       total 468480K, used 334110K [0x0000000080000000, 0x000000009c980000, 0x00000000d5580000)
  object space 468480K, 71% used [0x0000000080000000,0x0000000094647b28,0x000000009c980000)
 Metaspace       used 82381K, committed 84224K, reserved 1179648K
  class space    used 8162K, committed 8960K, reserved 1048576K
}
Event: 2146.880 GC heap after
{Heap after GC invocations=833 (full 5):
 PSYoungGen      total 14336K, used 948K [0x00000000d5580000, 0x00000000d7780000, 0x0000000100000000)
  eden space 13312K, 0% used [0x00000000d5580000,0x00000000d5580000,0x00000000d6280000)
  from space 1024K, 92% used [0x00000000d7680000,0x00000000d776d0f0,0x00000000d7780000)
  to   space 2048K, 0% used [0x00000000d7380000,0x00000000d7380000,0x00000000d7580000)
 ParOldGen       total 468480K, used 336657K [0x0000000080000000, 0x000000009c980000, 0x00000000d5580000)
  object space 468480K, 71% used [0x0000000080000000,0x00000000948c4478,0x000000009c980000)
 Metaspace       used 82381K, committed 84224K, reserved 1179648K
  class space    used 8162K, committed 8960K, reserved 1048576K
}
Event: 2146.939 GC heap before
{Heap before GC invocations=834 (full 5):
 PSYoungGen      total 14336K, used 14260K [0x00000000d5580000, 0x00000000d7780000, 0x0000000100000000)
  eden space 13312K, 100% used [0x00000000d5580000,0x00000000d6280000,0x00000000d6280000)
  from space 1024K, 92% used [0x00000000d7680000,0x00000000d776d0f0,0x00000000d7780000)
  to   space 2048K, 0% used [0x00000000d7380000,0x00000000d7380000,0x00000000d7580000)
 ParOldGen       total 468480K, used 336657K [0x0000000080000000, 0x000000009c980000, 0x00000000d5580000)
  object space 468480K, 71% used [0x0000000080000000,0x00000000948c4478,0x000000009c980000)
 Metaspace       used 82382K, committed 84224K, reserved 1179648K
  class space    used 8162K, committed 8960K, reserved 1048576K
}
Event: 2146.944 GC heap after
{Heap after GC invocations=834 (full 5):
 PSYoungGen      total 15360K, used 2027K [0x00000000d5580000, 0x00000000d7700000, 0x0000000100000000)
  eden space 13312K, 0% used [0x00000000d5580000,0x00000000d5580000,0x00000000d6280000)
  from space 2048K, 98% used [0x00000000d7380000,0x00000000d757acb0,0x00000000d7580000)
  to   space 1536K, 0% used [0x00000000d7580000,0x00000000d7580000,0x00000000d7700000)
 ParOldGen       total 468480K, used 337457K [0x0000000080000000, 0x000000009c980000, 0x00000000d5580000)
  object space 468480K, 72% used [0x0000000080000000,0x000000009498c6d0,0x000000009c980000)
 Metaspace       used 82382K, committed 84224K, reserved 1179648K
  class space    used 8162K, committed 8960K, reserved 1048576K
}
Event: 2147.409 GC heap before
{Heap before GC invocations=835 (full 5):
 PSYoungGen      total 15360K, used 15339K [0x00000000d5580000, 0x00000000d7700000, 0x0000000100000000)
  eden space 13312K, 100% used [0x00000000d5580000,0x00000000d6280000,0x00000000d6280000)
  from space 2048K, 98% used [0x00000000d7380000,0x00000000d757acb0,0x00000000d7580000)
  to   space 1536K, 0% used [0x00000000d7580000,0x00000000d7580000,0x00000000d7700000)
 ParOldGen       total 468480K, used 337457K [0x0000000080000000, 0x000000009c980000, 0x00000000d5580000)
  object space 468480K, 72% used [0x0000000080000000,0x000000009498c6d0,0x000000009c980000)
 Metaspace       used 82412K, committed 84224K, reserved 1179648K
  class space    used 8162K, committed 8960K, reserved 1048576K
}
Event: 2147.421 GC heap after
{Heap after GC invocations=835 (full 5):
 PSYoungGen      total 14848K, used 1519K [0x00000000d5580000, 0x00000000d7700000, 0x0000000100000000)
  eden space 13312K, 0% used [0x00000000d5580000,0x00000000d5580000,0x00000000d6280000)
  from space 1536K, 98% used [0x00000000d7580000,0x00000000d76fbed0,0x00000000d7700000)
  to   space 4608K, 0% used [0x00000000d6e00000,0x00000000d6e00000,0x00000000d7280000)
 ParOldGen       total 468480K, used 340069K [0x0000000080000000, 0x000000009c980000, 0x00000000d5580000)
  object space 468480K, 72% used [0x0000000080000000,0x0000000094c19650,0x000000009c980000)
 Metaspace       used 82412K, committed 84224K, reserved 1179648K
  class space    used 8162K, committed 8960K, reserved 1048576K
}
Event: 2147.489 GC heap before
{Heap before GC invocations=836 (full 5):
 PSYoungGen      total 14848K, used 14831K [0x00000000d5580000, 0x00000000d7700000, 0x0000000100000000)
  eden space 13312K, 100% used [0x00000000d5580000,0x00000000d6280000,0x00000000d6280000)
  from space 1536K, 98% used [0x00000000d7580000,0x00000000d76fbed0,0x00000000d7700000)
  to   space 4608K, 0% used [0x00000000d6e00000,0x00000000d6e00000,0x00000000d7280000)
 ParOldGen       total 468480K, used 340069K [0x0000000080000000, 0x000000009c980000, 0x00000000d5580000)
  object space 468480K, 72% used [0x0000000080000000,0x0000000094c19650,0x000000009c980000)
 Metaspace       used 82419K, committed 84224K, reserved 1179648K
  class space    used 8162K, committed 8960K, reserved 1048576K
}
Event: 2147.496 GC heap after
{Heap after GC invocations=836 (full 5):
 PSYoungGen      total 17920K, used 922K [0x00000000d5580000, 0x00000000d7600000, 0x0000000100000000)
  eden space 13312K, 0% used [0x00000000d5580000,0x00000000d5580000,0x00000000d6280000)
  from space 4608K, 20% used [0x00000000d6e00000,0x00000000d6ee6900,0x00000000d7280000)
  to   space 2560K, 0% used [0x00000000d7380000,0x00000000d7380000,0x00000000d7600000)
 ParOldGen       total 468480K, used 340674K [0x0000000080000000, 0x000000009c980000, 0x00000000d5580000)
  object space 468480K, 72% used [0x0000000080000000,0x0000000094cb0800,0x000000009c980000)
 Metaspace       used 82419K, committed 84224K, reserved 1179648K
  class space    used 8162K, committed 8960K, reserved 1048576K
}
Event: 2147.548 GC heap before
{Heap before GC invocations=837 (full 5):
 PSYoungGen      total 17920K, used 14234K [0x00000000d5580000, 0x00000000d7600000, 0x0000000100000000)
  eden space 13312K, 100% used [0x00000000d5580000,0x00000000d6280000,0x00000000d6280000)
  from space 4608K, 20% used [0x00000000d6e00000,0x00000000d6ee6900,0x00000000d7280000)
  to   space 2560K, 0% used [0x00000000d7380000,0x00000000d7380000,0x00000000d7600000)
 ParOldGen       total 468480K, used 340674K [0x0000000080000000, 0x000000009c980000, 0x00000000d5580000)
  object space 468480K, 72% used [0x0000000080000000,0x0000000094cb0800,0x000000009c980000)
 Metaspace       used 82420K, committed 84224K, reserved 1179648K
  class space    used 8162K, committed 8960K, reserved 1048576K
}
Event: 2147.550 GC heap after
{Heap after GC invocations=837 (full 5):
 PSYoungGen      total 14336K, used 805K [0x00000000d5580000, 0x00000000d7480000, 0x0000000100000000)
  eden space 13312K, 0% used [0x00000000d5580000,0x00000000d5580000,0x00000000d6280000)
  from space 1024K, 78% used [0x00000000d7380000,0x00000000d74495b0,0x00000000d7480000)
  to   space 1536K, 0% used [0x00000000d7180000,0x00000000d7180000,0x00000000d7300000)
 ParOldGen       total 468480K, used 340986K [0x0000000080000000, 0x000000009c980000, 0x00000000d5580000)
  object space 468480K, 72% used [0x0000000080000000,0x0000000094cfe800,0x000000009c980000)
 Metaspace       used 82420K, committed 84224K, reserved 1179648K
  class space    used 8162K, committed 8960K, reserved 1048576K
}
Event: 2147.611 GC heap before
{Heap before GC invocations=838 (full 5):
 PSYoungGen      total 14336K, used 14117K [0x00000000d5580000, 0x00000000d7480000, 0x0000000100000000)
  eden space 13312K, 100% used [0x00000000d5580000,0x00000000d6280000,0x00000000d6280000)
  from space 1024K, 78% used [0x00000000d7380000,0x00000000d74495b0,0x00000000d7480000)
  to   space 1536K, 0% used [0x00000000d7180000,0x00000000d7180000,0x00000000d7300000)
 ParOldGen       total 468480K, used 340986K [0x0000000080000000, 0x000000009c980000, 0x00000000d5580000)
  object space 468480K, 72% used [0x0000000080000000,0x0000000094cfe800,0x000000009c980000)
 Metaspace       used 82420K, committed 84224K, reserved 1179648K
  class space    used 8162K, committed 8960K, reserved 1048576K
}
Event: 2147.614 GC heap after
{Heap after GC invocations=838 (full 5):
 PSYoungGen      total 14848K, used 954K [0x00000000d5580000, 0x00000000d7400000, 0x0000000100000000)
  eden space 13312K, 0% used [0x00000000d5580000,0x00000000d5580000,0x00000000d6280000)
  from space 1536K, 62% used [0x00000000d7180000,0x00000000d726e900,0x00000000d7300000)
  to   space 1024K, 0% used [0x00000000d7300000,0x00000000d7300000,0x00000000d7400000)
 ParOldGen       total 468480K, used 341042K [0x0000000080000000, 0x000000009c980000, 0x00000000d5580000)
  object space 468480K, 72% used [0x0000000080000000,0x0000000094d0c800,0x000000009c980000)
 Metaspace       used 82420K, committed 84224K, reserved 1179648K
  class space    used 8162K, committed 8960K, reserved 1048576K
}

