# JRE version: OpenJDK Runtime Environment Temurin-21.0.10+7 (21.0.10+7) (build 21.0.10+7-LTS)
# Java VM: OpenJDK 64-Bit Server VM Temurin-21.0.10+7 (21.0.10+7-LTS, mixed mode, sharing, tiered, compressed oops, compressed class ptrs, parallel gc, windows-amd64)
GC Precious Log:
 CardTable entry size: 512
 CPUs: 12 total, 12 available
 Memory: 7876M
 Large Page Support: Disabled
 NUMA Support: Disabled
 Compressed Oops: Enabled (32-bit)
 Alignments: Space 512K, Generation 512K, Heap 2M
 Heap Min Capacity: 100M
 Heap Initial Capacity: 100M
 Heap Max Capacity: 2G
 Pre-touch: Disabled
 Parallel Workers: 10
Heap:
 PSYoungGen      total 7168K, used 4792K [0x00000000d5580000, 0x00000000d6080000, 0x0000000100000000)
  eden space 4096K, 53% used [0x00000000d5580000,0x00000000d57a6320,0x00000000d5980000)
  from space 3072K, 84% used [0x00000000d5d80000,0x00000000d6008000,0x00000000d6080000)
  to   space 3584K, 0% used [0x00000000d5980000,0x00000000d5980000,0x00000000d5d00000)
 ParOldGen       total 1231872K, used 1231779K [0x0000000080000000, 0x00000000cb300000, 0x00000000d5580000)
  object space 1231872K, 99% used [0x0000000080000000,0x00000000cb2e8f68,0x00000000cb300000)
 Metaspace       used 92599K, committed 94272K, reserved 1179648K
  class space    used 9249K, committed 9984K, reserved 1048576K
GC Heap History (20 events):
Event: 6395.540 GC heap before
{Heap before GC invocations=2400 (full 5):
 PSYoungGen      total 9728K, used 9724K [0x00000000d5580000, 0x00000000d7580000, 0x0000000100000000)
  eden space 5632K, 100% used [0x00000000d5580000,0x00000000d5b00000,0x00000000d5b00000)
  from space 4096K, 99% used [0x00000000d6580000,0x00000000d697f1e8,0x00000000d6980000)
  to   space 10752K, 0% used [0x00000000d5b00000,0x00000000d5b00000,0x00000000d6580000)
 ParOldGen       total 1203200K, used 1202946K [0x0000000080000000, 0x00000000c9700000, 0x00000000d5580000)
  object space 1203200K, 99% used [0x0000000080000000,0x00000000c96c0bd0,0x00000000c9700000)
 Metaspace       used 92598K, committed 94272K, reserved 1179648K
  class space    used 9249K, committed 9984K, reserved 1048576K
}
Event: 6395.550 GC heap after
{Heap after GC invocations=2400 (full 5):
 PSYoungGen      total 8704K, used 3040K [0x00000000d5580000, 0x00000000d6780000, 0x0000000100000000)
  eden space 5632K, 0% used [0x00000000d5580000,0x00000000d5580000,0x00000000d5b00000)
  from space 3072K, 98% used [0x00000000d5b00000,0x00000000d5df8000,0x00000000d5e00000)
  to   space 5632K, 0% used [0x00000000d6200000,0x00000000d6200000,0x00000000d6780000)
 ParOldGen       total 1207296K, used 1207103K [0x0000000080000000, 0x00000000c9b00000, 0x00000000d5580000)
  object space 1207296K, 99% used [0x0000000080000000,0x00000000c9acfde8,0x00000000c9b00000)
 Metaspace       used 92598K, committed 94272K, reserved 1179648K
  class space    used 9249K, committed 9984K, reserved 1048576K
}
Event: 6395.575 GC heap before
{Heap before GC invocations=2401 (full 5):
 PSYoungGen      total 8704K, used 8672K [0x00000000d5580000, 0x00000000d6780000, 0x0000000100000000)
  eden space 5632K, 100% used [0x00000000d5580000,0x00000000d5b00000,0x00000000d5b00000)
  from space 3072K, 98% used [0x00000000d5b00000,0x00000000d5df8000,0x00000000d5e00000)
  to   space 5632K, 0% used [0x00000000d6200000,0x00000000d6200000,0x00000000d6780000)
 ParOldGen       total 1207296K, used 1207103K [0x0000000080000000, 0x00000000c9b00000, 0x00000000d5580000)
  object space 1207296K, 99% used [0x0000000080000000,0x00000000c9acfde8,0x00000000c9b00000)
 Metaspace       used 92598K, committed 94272K, reserved 1179648K
  class space    used 9249K, committed 9984K, reserved 1048576K
}
Event: 6395.585 GC heap after
{Heap after GC invocations=2401 (full 5):
 PSYoungGen      total 8704K, used 5632K [0x00000000d5580000, 0x00000000d6f80000, 0x0000000100000000)
  eden space 3072K, 0% used [0x00000000d5580000,0x00000000d5580000,0x00000000d5880000)
  from space 5632K, 100% used [0x00000000d6200000,0x00000000d6780000,0x00000000d6780000)
  to   space 9728K, 0% used [0x00000000d5880000,0x00000000d5880000,0x00000000d6200000)
 ParOldGen       total 1210368K, used 1210063K [0x0000000080000000, 0x00000000c9e00000, 0x00000000d5580000)
  object space 1210368K, 99% used [0x0000000080000000,0x00000000c9db3de8,0x00000000c9e00000)
 Metaspace       used 92598K, committed 94272K, reserved 1179648K
  class space    used 9249K, committed 9984K, reserved 1048576K
}
Event: 6395.621 GC heap before
{Heap before GC invocations=2402 (full 5):
 PSYoungGen      total 8704K, used 8704K [0x00000000d5580000, 0x00000000d6f80000, 0x0000000100000000)
  eden space 3072K, 100% used [0x00000000d5580000,0x00000000d5880000,0x00000000d5880000)
  from space 5632K, 100% used [0x00000000d6200000,0x00000000d6780000,0x00000000d6780000)
  to   space 9728K, 0% used [0x00000000d5880000,0x00000000d5880000,0x00000000d6200000)
 ParOldGen       total 1210368K, used 1210063K [0x0000000080000000, 0x00000000c9e00000, 0x00000000d5580000)
  object space 1210368K, 99% used [0x0000000080000000,0x00000000c9db3de8,0x00000000c9e00000)
 Metaspace       used 92598K, committed 94272K, reserved 1179648K
  class space    used 9249K, committed 9984K, reserved 1048576K
}
Event: 6395.632 GC heap after
{Heap after GC invocations=2402 (full 5):
 PSYoungGen      total 5632K, used 2528K [0x00000000d5580000, 0x00000000d6380000, 0x0000000100000000)
  eden space 3072K, 0% used [0x00000000d5580000,0x00000000d5580000,0x00000000d5880000)
  from space 2560K, 98% used [0x00000000d5880000,0x00000000d5af8000,0x00000000d5b00000)
  to   space 5120K, 0% used [0x00000000d5e80000,0x00000000d5e80000,0x00000000d6380000)
 ParOldGen       total 1216000K, used 1215663K [0x0000000080000000, 0x00000000ca380000, 0x00000000d5580000)
  object space 1216000K, 99% used [0x0000000080000000,0x00000000ca32bde8,0x00000000ca380000)
 Metaspace       used 92598K, committed 94272K, reserved 1179648K
  class space    used 9249K, committed 9984K, reserved 1048576K
}
Event: 6395.698 GC heap before
{Heap before GC invocations=2403 (full 5):
 PSYoungGen      total 5632K, used 5598K [0x00000000d5580000, 0x00000000d6380000, 0x0000000100000000)
  eden space 3072K, 99% used [0x00000000d5580000,0x00000000d587f9b8,0x00000000d5880000)
  from space 2560K, 98% used [0x00000000d5880000,0x00000000d5af8000,0x00000000d5b00000)
  to   space 5120K, 0% used [0x00000000d5e80000,0x00000000d5e80000,0x00000000d6380000)
 ParOldGen       total 1216000K, used 1215663K [0x0000000080000000, 0x00000000ca380000, 0x00000000d5580000)
  object space 1216000K, 99% used [0x0000000080000000,0x00000000ca32bde8,0x00000000ca380000)
 Metaspace       used 92598K, committed 94272K, reserved 1179648K
  class space    used 9249K, committed 9984K, reserved 1048576K
}
Event: 6395.708 GC heap after
{Heap after GC invocations=2403 (full 5):
 PSYoungGen      total 6656K, used 3168K [0x00000000d5580000, 0x00000000d6200000, 0x0000000100000000)
  eden space 3072K, 0% used [0x00000000d5580000,0x00000000d5580000,0x00000000d5880000)
  from space 3584K, 88% used [0x00000000d5e80000,0x00000000d6198000,0x00000000d6200000)
  to   space 3584K, 0% used [0x00000000d5b00000,0x00000000d5b00000,0x00000000d5e80000)
 ParOldGen       total 1217536K, used 1217415K [0x0000000080000000, 0x00000000ca500000, 0x00000000d5580000)
  object space 1217536K, 99% used [0x0000000080000000,0x00000000ca4e1de8,0x00000000ca500000)
 Metaspace       used 92598K, committed 94272K, reserved 1179648K
  class space    used 9249K, committed 9984K, reserved 1048576K
}
Event: 6395.844 GC heap before
{Heap before GC invocations=2404 (full 5):
 PSYoungGen      total 6656K, used 5957K [0x00000000d5580000, 0x00000000d6200000, 0x0000000100000000)
  eden space 3072K, 90% used [0x00000000d5580000,0x00000000d5839468,0x00000000d5880000)
  from space 3584K, 88% used [0x00000000d5e80000,0x00000000d6198000,0x00000000d6200000)
  to   space 3584K, 0% used [0x00000000d5b00000,0x00000000d5b00000,0x00000000d5e80000)
 ParOldGen       total 1217536K, used 1217415K [0x0000000080000000, 0x00000000ca500000, 0x00000000d5580000)
  object space 1217536K, 99% used [0x0000000080000000,0x00000000ca4e1de8,0x00000000ca500000)
 Metaspace       used 92598K, committed 94272K, reserved 1179648K
  class space    used 9249K, committed 9984K, reserved 1048576K
}
Event: 6395.854 GC heap after
{Heap after GC invocations=2404 (full 5):
 PSYoungGen      total 6144K, used 3008K [0x00000000d5580000, 0x00000000d5f80000, 0x0000000100000000)
  eden space 3072K, 0% used [0x00000000d5580000,0x00000000d5580000,0x00000000d5880000)
  from space 3072K, 97% used [0x00000000d5b00000,0x00000000d5df0000,0x00000000d5e00000)
  to   space 1536K, 0% used [0x00000000d5e00000,0x00000000d5e00000,0x00000000d5f80000)
 ParOldGen       total 1219584K, used 1219135K [0x0000000080000000, 0x00000000ca700000, 0x00000000d5580000)
  object space 1219584K, 99% used [0x0000000080000000,0x00000000ca68fde8,0x00000000ca700000)
 Metaspace       used 92598K, committed 94272K, reserved 1179648K
  class space    used 9249K, committed 9984K, reserved 1048576K
}
Event: 6395.862 GC heap before
{Heap before GC invocations=2405 (full 5):
 PSYoungGen      total 6144K, used 6080K [0x00000000d5580000, 0x00000000d5f80000, 0x0000000100000000)
  eden space 3072K, 100% used [0x00000000d5580000,0x00000000d5880000,0x00000000d5880000)
  from space 3072K, 97% used [0x00000000d5b00000,0x00000000d5df0000,0x00000000d5e00000)
  to   space 1536K, 0% used [0x00000000d5e00000,0x00000000d5e00000,0x00000000d5f80000)
 ParOldGen       total 1219584K, used 1219135K [0x0000000080000000, 0x00000000ca700000, 0x00000000d5580000)
  object space 1219584K, 99% used [0x0000000080000000,0x00000000ca68fde8,0x00000000ca700000)
 Metaspace       used 92598K, committed 94272K, reserved 1179648K
  class space    used 9249K, committed 9984K, reserved 1048576K
}
Event: 6395.870 GC heap after
{Heap after GC invocations=2405 (full 5):
 PSYoungGen      total 3584K, used 1527K [0x00000000d5580000, 0x00000000d6680000, 0x0000000100000000)
  eden space 2048K, 0% used [0x00000000d5580000,0x00000000d5580000,0x00000000d5780000)
  from space 1536K, 99% used [0x00000000d5e00000,0x00000000d5f7df60,0x00000000d5f80000)
  to   space 6656K, 0% used [0x00000000d5780000,0x00000000d5780000,0x00000000d5e00000)
 ParOldGen       total 1223680K, used 1223511K [0x0000000080000000, 0x00000000cab00000, 0x00000000d5580000)
  object space 1223680K, 99% used [0x0000000080000000,0x00000000caad5de8,0x00000000cab00000)
 Metaspace       used 92598K, committed 94272K, reserved 1179648K
  class space    used 9249K, committed 9984K, reserved 1048576K
}
Event: 6395.877 GC heap before
{Heap before GC invocations=2406 (full 5):
 PSYoungGen      total 3584K, used 3575K [0x00000000d5580000, 0x00000000d6680000, 0x0000000100000000)
  eden space 2048K, 100% used [0x00000000d5580000,0x00000000d5780000,0x00000000d5780000)
  from space 1536K, 99% used [0x00000000d5e00000,0x00000000d5f7df60,0x00000000d5f80000)
  to   space 6656K, 0% used [0x00000000d5780000,0x00000000d5780000,0x00000000d5e00000)
 ParOldGen       total 1223680K, used 1223511K [0x0000000080000000, 0x00000000cab00000, 0x00000000d5580000)
  object space 1223680K, 99% used [0x0000000080000000,0x00000000caad5de8,0x00000000cab00000)
 Metaspace       used 92598K, committed 94272K, reserved 1179648K
  class space    used 9249K, committed 9984K, reserved 1048576K
}
Event: 6395.884 GC heap after
{Heap after GC invocations=2406 (full 5):
 PSYoungGen      total 4608K, used 2196K [0x00000000d5580000, 0x00000000d5f00000, 0x0000000100000000)
  eden space 2048K, 0% used [0x00000000d5580000,0x00000000d5580000,0x00000000d5780000)
  from space 2560K, 85% used [0x00000000d5780000,0x00000000d59a5220,0x00000000d5a00000)
  to   space 3584K, 0% used [0x00000000d5b80000,0x00000000d5b80000,0x00000000d5f00000)
 ParOldGen       total 1225216K, used 1225063K [0x0000000080000000, 0x00000000cac80000, 0x00000000d5580000)
  object space 1225216K, 99% used [0x0000000080000000,0x00000000cac59d48,0x00000000cac80000)
 Metaspace       used 92598K, committed 94272K, reserved 1179648K
  class space    used 9249K, committed 9984K, reserved 1048576K
}
Event: 6395.892 GC heap before
{Heap before GC invocations=2407 (full 5):
 PSYoungGen      total 4608K, used 4244K [0x00000000d5580000, 0x00000000d5f00000, 0x0000000100000000)
  eden space 2048K, 100% used [0x00000000d5580000,0x00000000d5780000,0x00000000d5780000)
  from space 2560K, 85% used [0x00000000d5780000,0x00000000d59a5220,0x00000000d5a00000)
  to   space 3584K, 0% used [0x00000000d5b80000,0x00000000d5b80000,0x00000000d5f00000)
 ParOldGen       total 1225216K, used 1225063K [0x0000000080000000, 0x00000000cac80000, 0x00000000d5580000)
  object space 1225216K, 99% used [0x0000000080000000,0x00000000cac59d48,0x00000000cac80000)
 Metaspace       used 92598K, committed 94272K, reserved 1179648K
  class space    used 9249K, committed 9984K, reserved 1048576K
}
Event: 6395.899 GC heap after
{Heap after GC invocations=2407 (full 5):
 PSYoungGen      total 5120K, used 2144K [0x00000000d5580000, 0x00000000d5e00000, 0x0000000100000000)
  eden space 2560K, 0% used [0x00000000d5580000,0x00000000d5580000,0x00000000d5800000)
  from space 2560K, 83% used [0x00000000d5b80000,0x00000000d5d98000,0x00000000d5e00000)
  to   space 2560K, 0% used [0x00000000d5900000,0x00000000d5900000,0x00000000d5b80000)
 ParOldGen       total 1227264K, used 1227131K [0x0000000080000000, 0x00000000cae80000, 0x00000000d5580000)
  object space 1227264K, 99% used [0x0000000080000000,0x00000000cae5ef68,0x00000000cae80000)
 Metaspace       used 92598K, committed 94272K, reserved 1179648K
  class space    used 9249K, committed 9984K, reserved 1048576K
}
Event: 6395.909 GC heap before
{Heap before GC invocations=2408 (full 5):
 PSYoungGen      total 5120K, used 4703K [0x00000000d5580000, 0x00000000d5e00000, 0x0000000100000000)
  eden space 2560K, 99% used [0x00000000d5580000,0x00000000d57ffff0,0x00000000d5800000)
  from space 2560K, 83% used [0x00000000d5b80000,0x00000000d5d98000,0x00000000d5e00000)
  to   space 2560K, 0% used [0x00000000d5900000,0x00000000d5900000,0x00000000d5b80000)
 ParOldGen       total 1227264K, used 1227131K [0x0000000080000000, 0x00000000cae80000, 0x00000000d5580000)
  object space 1227264K, 99% used [0x0000000080000000,0x00000000cae5ef68,0x00000000cae80000)
 Metaspace       used 92598K, committed 94272K, reserved 1179648K
  class space    used 9249K, committed 9984K, reserved 1048576K
}
Event: 6395.916 GC heap after
{Heap after GC invocations=2408 (full 5):
 PSYoungGen      total 5632K, used 2560K [0x00000000d5580000, 0x00000000d6280000, 0x0000000100000000)
  eden space 3072K, 0% used [0x00000000d5580000,0x00000000d5580000,0x00000000d5880000)
  from space 2560K, 100% used [0x00000000d5900000,0x00000000d5b80000,0x00000000d5b80000)
  to   space 5120K, 0% used [0x00000000d5d80000,0x00000000d5d80000,0x00000000d6280000)
 ParOldGen       total 1229312K, used 1229243K [0x0000000080000000, 0x00000000cb080000, 0x00000000d5580000)
  object space 1229312K, 99% used [0x0000000080000000,0x00000000cb06ef68,0x00000000cb080000)
 Metaspace       used 92598K, committed 94272K, reserved 1179648K
  class space    used 9249K, committed 9984K, reserved 1048576K
}
Event: 6395.945 GC heap before
{Heap before GC invocations=2409 (full 5):
 PSYoungGen      total 5632K, used 5600K [0x00000000d5580000, 0x00000000d6280000, 0x0000000100000000)
  eden space 3072K, 98% used [0x00000000d5580000,0x00000000d5878038,0x00000000d5880000)
  from space 2560K, 100% used [0x00000000d5900000,0x00000000d5b80000,0x00000000d5b80000)
  to   space 5120K, 0% used [0x00000000d5d80000,0x00000000d5d80000,0x00000000d6280000)
 ParOldGen       total 1229312K, used 1229243K [0x0000000080000000, 0x00000000cb080000, 0x00000000d5580000)
  object space 1229312K, 99% used [0x0000000080000000,0x00000000cb06ef68,0x00000000cb080000)
 Metaspace       used 92598K, committed 94272K, reserved 1179648K
  class space    used 9249K, committed 9984K, reserved 1048576K
}
Event: 6395.952 GC heap after
{Heap after GC invocations=2409 (full 5):
 PSYoungGen      total 7168K, used 2592K [0x00000000d5580000, 0x00000000d6080000, 0x0000000100000000)
  eden space 4096K, 0% used [0x00000000d5580000,0x00000000d5580000,0x00000000d5980000)
  from space 3072K, 84% used [0x00000000d5d80000,0x00000000d6008000,0x00000000d6080000)
  to   space 3584K, 0% used [0x00000000d5980000,0x00000000d5980000,0x00000000d5d00000)
 ParOldGen       total 1231872K, used 1231779K [0x0000000080000000, 0x00000000cb300000, 0x00000000d5580000)
  object space 1231872K, 99% used [0x0000000080000000,0x00000000cb2e8f68,0x00000000cb300000)
 Metaspace       used 92598K, committed 94272K, reserved 1179648K
  class space    used 9249K, committed 9984K, reserved 1048576K
}

