# JRE version: Java(TM) SE Runtime Environment (21.0.11+9) (build 21.0.11+9-LTS-211)
# Java VM: Java HotSpot(TM) 64-Bit Server VM (21.0.11+9-LTS-211, mixed mode, sharing, tiered, compressed oops, compressed class ptrs, g1 gc, windows-amd64)
GC Precious Log:
 CardTable entry size: 512
 Card Set container configuration: InlinePtr #cards 5 size 8 Array Of Cards #cards 12 size 40 Howl #buckets 4 coarsen threshold 1843 Howl Bitmap #cards 512 size 80 coarsen threshold 460 Card regions per heap region 1 cards per card region 2048
 CPUs: 12 total, 12 available
 Memory: 7876M
 Large Page Support: Disabled
 NUMA Support: Disabled
 Compressed Oops: Enabled (32-bit)
 Heap Region Size: 1M
 Heap Min Capacity: 8M
 Heap Initial Capacity: 124M
 Heap Max Capacity: 1970M
 Pre-touch: Disabled
 Parallel Workers: 10
 Concurrent Workers: 3
 Concurrent Refinement Workers: 10
 Periodic GC: Disabled
Heap:
 garbage-first heap   total 239616K, used 102009K [0x0000000084e00000, 0x0000000100000000)
  region size 1024K, 17 young (17408K), 17 survivors (17408K)
 Metaspace       used 33510K, committed 34112K, reserved 1114112K
  class space    used 3602K, committed 3904K, reserved 1048576K
GC Heap History (20 events):
Event: 20.562 GC heap after
{Heap after GC invocations=14 (full 0):
 garbage-first heap   total 147456K, used 52061K [0x0000000084e00000, 0x0000000100000000)
  region size 1024K, 11 young (11264K), 11 survivors (11264K)
 Metaspace       used 29460K, committed 29824K, reserved 1114112K
  class space    used 3240K, committed 3392K, reserved 1048576K
}
Event: 22.419 GC heap before
{Heap before GC invocations=14 (full 0):
 garbage-first heap   total 147456K, used 122717K [0x0000000084e00000, 0x0000000100000000)
  region size 1024K, 80 young (81920K), 11 survivors (11264K)
 Metaspace       used 29778K, committed 30208K, reserved 1114112K
  class space    used 3265K, committed 3456K, reserved 1048576K
}
Event: 22.450 GC heap after
{Heap after GC invocations=15 (full 0):
 garbage-first heap   total 148480K, used 66560K [0x0000000084e00000, 0x0000000100000000)
  region size 1024K, 10 young (10240K), 10 survivors (10240K)
 Metaspace       used 29778K, committed 30208K, reserved 1114112K
  class space    used 3265K, committed 3456K, reserved 1048576K
}
Event: 24.106 GC heap before
{Heap before GC invocations=15 (full 0):
 garbage-first heap   total 148480K, used 123904K [0x0000000084e00000, 0x0000000100000000)
  region size 1024K, 66 young (67584K), 10 survivors (10240K)
 Metaspace       used 32298K, committed 32768K, reserved 1114112K
  class space    used 3520K, committed 3712K, reserved 1048576K
}
Event: 24.127 GC heap after
{Heap after GC invocations=16 (full 0):
 garbage-first heap   total 148480K, used 72192K [0x0000000084e00000, 0x0000000100000000)
  region size 1024K, 6 young (6144K), 6 survivors (6144K)
 Metaspace       used 32298K, committed 32768K, reserved 1114112K
  class space    used 3520K, committed 3712K, reserved 1048576K
}
Event: 24.705 GC heap before
{Heap before GC invocations=16 (full 0):
 garbage-first heap   total 148480K, used 125440K [0x0000000084e00000, 0x0000000100000000)
  region size 1024K, 58 young (59392K), 6 survivors (6144K)
 Metaspace       used 32303K, committed 32832K, reserved 1114112K
  class space    used 3520K, committed 3712K, reserved 1048576K
}
Event: 24.717 GC heap after
{Heap after GC invocations=17 (full 0):
 garbage-first heap   total 185344K, used 74666K [0x0000000084e00000, 0x0000000100000000)
  region size 1024K, 3 young (3072K), 3 survivors (3072K)
 Metaspace       used 32303K, committed 32832K, reserved 1114112K
  class space    used 3520K, committed 3712K, reserved 1048576K
}
Event: 25.678 GC heap before
{Heap before GC invocations=17 (full 0):
 garbage-first heap   total 185344K, used 152490K [0x0000000084e00000, 0x0000000100000000)
  region size 1024K, 79 young (80896K), 3 survivors (3072K)
 Metaspace       used 32329K, committed 32832K, reserved 1114112K
  class space    used 3520K, committed 3712K, reserved 1048576K
}
Event: 25.683 GC heap after
{Heap after GC invocations=18 (full 0):
 garbage-first heap   total 185344K, used 75818K [0x0000000084e00000, 0x0000000100000000)
  region size 1024K, 4 young (4096K), 4 survivors (4096K)
 Metaspace       used 32329K, committed 32832K, reserved 1114112K
  class space    used 3520K, committed 3712K, reserved 1048576K
}
Event: 26.617 GC heap before
{Heap before GC invocations=18 (full 0):
 garbage-first heap   total 185344K, used 156714K [0x0000000084e00000, 0x0000000100000000)
  region size 1024K, 83 young (84992K), 4 survivors (4096K)
 Metaspace       used 32344K, committed 32832K, reserved 1114112K
  class space    used 3520K, committed 3712K, reserved 1048576K
}
Event: 26.624 GC heap after
{Heap after GC invocations=19 (full 0):
 garbage-first heap   total 185344K, used 78336K [0x0000000084e00000, 0x0000000100000000)
  region size 1024K, 6 young (6144K), 6 survivors (6144K)
 Metaspace       used 32344K, committed 32832K, reserved 1114112K
  class space    used 3520K, committed 3712K, reserved 1048576K
}
Event: 27.297 GC heap before
{Heap before GC invocations=19 (full 0):
 garbage-first heap   total 185344K, used 163328K [0x0000000084e00000, 0x0000000100000000)
  region size 1024K, 87 young (89088K), 6 survivors (6144K)
 Metaspace       used 32406K, committed 32896K, reserved 1114112K
  class space    used 3520K, committed 3712K, reserved 1048576K
}
Event: 27.311 GC heap after
{Heap after GC invocations=20 (full 0):
 garbage-first heap   total 185344K, used 90976K [0x0000000084e00000, 0x0000000100000000)
  region size 1024K, 11 young (11264K), 11 survivors (11264K)
 Metaspace       used 32406K, committed 32896K, reserved 1114112K
  class space    used 3520K, committed 3712K, reserved 1048576K
}
Event: 27.375 GC heap before
{Heap before GC invocations=20 (full 0):
 garbage-first heap   total 185344K, used 161632K [0x0000000084e00000, 0x0000000100000000)
  region size 1024K, 81 young (82944K), 11 survivors (11264K)
 Metaspace       used 32411K, committed 32896K, reserved 1114112K
  class space    used 3520K, committed 3712K, reserved 1048576K
}
Event: 27.387 GC heap after
{Heap after GC invocations=21 (full 0):
 garbage-first heap   total 185344K, used 87836K [0x0000000084e00000, 0x0000000100000000)
  region size 1024K, 4 young (4096K), 4 survivors (4096K)
 Metaspace       used 32411K, committed 32896K, reserved 1114112K
  class space    used 3520K, committed 3712K, reserved 1048576K
}
Event: 27.448 GC heap before
{Heap before GC invocations=21 (full 0):
 garbage-first heap   total 185344K, used 163612K [0x0000000084e00000, 0x0000000100000000)
  region size 1024K, 78 young (79872K), 4 survivors (4096K)
 Metaspace       used 32413K, committed 32896K, reserved 1114112K
  class space    used 3520K, committed 3712K, reserved 1048576K
}
Event: 27.456 GC heap after
{Heap after GC invocations=22 (full 0):
 garbage-first heap   total 185344K, used 90425K [0x0000000084e00000, 0x0000000100000000)
  region size 1024K, 6 young (6144K), 6 survivors (6144K)
 Metaspace       used 32413K, committed 32896K, reserved 1114112K
  class space    used 3520K, committed 3712K, reserved 1048576K
}
Event: 27.579 GC heap before
{Heap before GC invocations=23 (full 0):
 garbage-first heap   total 239616K, used 161081K [0x0000000084e00000, 0x0000000100000000)
  region size 1024K, 79 young (80896K), 6 survivors (6144K)
 Metaspace       used 32286K, committed 32832K, reserved 1114112K
  class space    used 3508K, committed 3712K, reserved 1048576K
}
Event: 27.584 GC heap after
{Heap after GC invocations=24 (full 0):
 garbage-first heap   total 239616K, used 84662K [0x0000000084e00000, 0x0000000100000000)
  region size 1024K, 2 young (2048K), 2 survivors (2048K)
 Metaspace       used 32286K, committed 32832K, reserved 1114112K
  class space    used 3508K, committed 3712K, reserved 1048576K
}
Event: 29.091 GC heap before
{Heap before GC invocations=24 (full 0):
 garbage-first heap   total 239616K, used 216758K [0x0000000084e00000, 0x0000000100000000)
  region size 1024K, 129 young (132096K), 2 survivors (2048K)
 Metaspace       used 33510K, committed 34112K, reserved 1114112K
  class space    used 3602K, committed 3904K, reserved 1048576K
}

